2025-04-03 20:31:57 [INFO] : Tentativa de login, email usuário:undefined
2025-04-03 20:35:58 [INFO] : Tentativa de login, email usuário:matheusrocham.ms@gmail.com
2025-04-03 20:38:38 [INFO] : Tentativa de login, email usuário:matheusrocham.ms@gmail.com
2025-04-03 20:39:07 [INFO] : Tentativa de login, email usuário:matheusrocham.ms@gmail.com
2025-04-03 20:40:55 [INFO] : Usuário Registrado! Email: matheusrocham.ms@gmail.com
2025-04-03 20:42:26 [ERROR] : Erro no API Gateway: Expected double-quoted property name in JSON at position 62 (line 5 column 1) Stack: SyntaxError: Expected double-quoted property name in JSON at position 62 (line 5 column 1)
    at JSON.parse (<anonymous>)
    at parse (C:\Users\theus\OneDrive\Área de Trabalho\gerenciador_investimentos_back\node_modules\body-parser\lib\types\json.js:92:19)
    at C:\Users\theus\OneDrive\Área de Trabalho\gerenciador_investimentos_back\node_modules\body-parser\lib\read.js:128:18
    at AsyncResource.runInAsyncScope (node:async_hooks:211:14)
    at invokeCallback (C:\Users\theus\OneDrive\Área de Trabalho\gerenciador_investimentos_back\node_modules\raw-body\index.js:238:16)
    at done (C:\Users\theus\OneDrive\Área de Trabalho\gerenciador_investimentos_back\node_modules\raw-body\index.js:227:7)
    at IncomingMessage.onEnd (C:\Users\theus\OneDrive\Área de Trabalho\gerenciador_investimentos_back\node_modules\raw-body\index.js:287:7)
    at IncomingMessage.emit (node:events:518:28)
    at endReadableNT (node:internal/streams/readable:1698:12)
    at process.processTicksAndRejections (node:internal/process/task_queues:90:21)
2025-04-03 20:42:35 [INFO] : Login realizado! Email: matheusrocham.ms@gmail.com
2025-04-03 20:53:01 [INFO] : Usuário Registrado! Email: teste@gmail.com
2025-04-03 20:54:18 [ERROR] : Erro no API Gateway: Expected double-quoted property name in JSON at position 50 (line 4 column 1) Stack: SyntaxError: Expected double-quoted property name in JSON at position 50 (line 4 column 1)
    at JSON.parse (<anonymous>)
    at parse (C:\Users\theus\OneDrive\Área de Trabalho\gerenciador_investimentos_back\node_modules\body-parser\lib\types\json.js:92:19)
    at C:\Users\theus\OneDrive\Área de Trabalho\gerenciador_investimentos_back\node_modules\body-parser\lib\read.js:128:18
    at AsyncResource.runInAsyncScope (node:async_hooks:211:14)
    at invokeCallback (C:\Users\theus\OneDrive\Área de Trabalho\gerenciador_investimentos_back\node_modules\raw-body\index.js:238:16)
    at done (C:\Users\theus\OneDrive\Área de Trabalho\gerenciador_investimentos_back\node_modules\raw-body\index.js:227:7)
    at IncomingMessage.onEnd (C:\Users\theus\OneDrive\Área de Trabalho\gerenciador_investimentos_back\node_modules\raw-body\index.js:287:7)
    at IncomingMessage.emit (node:events:518:28)
    at endReadableNT (node:internal/streams/readable:1698:12)
    at process.processTicksAndRejections (node:internal/process/task_queues:90:21)
2025-04-03 20:54:22 [INFO] : Login realizado! Email: teste@gmail.com
2025-04-03 22:28:18 [INFO] : Usuário Registrado! Email: matheusrocham.ms@gmail.com
2025-04-03 22:29:12 [INFO] : Usuário Registrado! Email: teste@gmail;com
2025-04-03 22:33:41 [INFO] : Usuário Registrado! Email: teste2@gmail.com
2025-04-03 22:40:59 [INFO] : Usuário Registrado! Email: matheusrocham.ms@gmail.com
2025-04-03 22:40:59 [ERROR] : Erro ao salvar log no banco: 
Invalid `prisma.log.create()` invocation:


error: Error validating datasource `db`: the URL must start with the protocol `postgresql://` or `postgres://`.
  -->  schema.prisma:7
   | 
 6 |   provider = "postgresql"
 7 |   url      = env("DATABASE_URL")
   | 

Validation Error Count: 1
2025-04-03 22:43:06 [INFO] : Usuário Registrado! Email: matheusrocham.ms@gmail.com
2025-04-03 22:43:07 [INFO] : Log registrado no banco: undefined
2025-04-03 22:46:28 [INFO] : Usuário Registrado! Email: matheusrocham.ms@gmail.com
2025-04-03 22:46:28 [INFO] : Log registrado no banco: undefined
2025-04-03 22:48:52 [INFO] : Usuário Registrado! Email: matheusrocham.ms@gmail.com
2025-04-03 22:48:52 [INFO] : Log registrado no banco: undefined
2025-04-03 22:49:43 [INFO] : Usuário Registrado! Email: matheusrocham.ms@gmail.com
2025-04-03 22:49:43 [INFO] : Log registrado no banco: undefined
2025-04-03 22:50:54 [INFO] : Usuário Registrado! Email: matheusrocham.ms@gmail.com
2025-04-03 22:50:55 [INFO] : Log registrado no banco: undefined
2025-04-03 22:52:17 [INFO] : Usuário Registrado! Email: matheusrocham.ms@gmail.com
2025-04-03 22:52:17 [INFO] : Log registrado no banco: User registered sucessfully
2025-04-03 22:53:29 [INFO] : Usuário Registrado! Email: matheusrocham.ms@gmail.com
2025-04-03 22:53:29 [INFO] : Log registrado no banco: User registered sucessfully
2025-04-03 22:56:24 [INFO] : Usuário Registrado! Email: matheusrocham.ms@gmail.com
2025-04-03 22:56:24 [INFO] : Log registrado no banco: User registered sucessfully
2025-04-03 22:57:33 [INFO] : Usuário Registrado! Email: matheusrocham.ms@gmail.com
2025-04-03 22:57:33 [INFO] : Log registrado no banco: User registered sucessfully
2025-04-03 22:58:41 [INFO] : Usuário Registrado! Email: matheusrocham.2ms@gmail.com
2025-04-03 22:58:41 [INFO] : Log registrado no banco: User registered sucessfully
2025-04-03 22:59:11 [INFO] : Usuário Registrado! Email: matheusrocham.2ms@gmail.com
2025-04-03 22:59:11 [INFO] : Log registrado no banco: User registered sucessfully
2025-04-03 23:00:10 [INFO] : Usuário Registrado! Email: matheusrocham.2ms@gmail.com
2025-04-03 23:00:10 [INFO] : Log registrado no banco: User registered sucessfully
2025-04-04 11:07:08 [INFO] : Usuário Registrado! Email: matheusrocham.ms@gmail.com
2025-04-04 11:07:09 [INFO] : Log registrado no banco: User registered sucessfully
2025-04-04 11:52:53 [INFO] : Login realizado! Email: matheusrocham.ms@gmail.com
2025-04-04 11:58:12 [INFO] : Login realizado! Email: matheusrocham.ms@gmail.com
2025-04-04 11:59:37 [INFO] : Login realizado! Email: matheusrocham.ms@gmail.com
2025-04-04 13:45:09 [INFO] : Login realizado! Email: matheus37223@fiec.edu.br
2025-04-04 13:57:23 [INFO] : Login realizado! Email: matheus37223@fiec.edu.br
2025-04-04 14:20:23 [INFO] : Login realizado! Email: matheus37223@fiec.edu.br
2025-04-04 14:24:40 [INFO] : Login realizado! Email: matheus37223@fiec.edu.br
2025-04-04 14:24:52 [INFO] : Usuário não autenticado | Detalhes usuário: [object Object]
2025-04-04 14:25:42 [INFO] : Login realizado! Email: matheus37223@fiec.edu.br
2025-04-04 14:30:12 [INFO] : Login realizado! Email: matheus37223@fiec.edu.br
2025-04-04 14:32:46 [INFO] : Login realizado! Email: matheus37223@fiec.edu.br
2025-04-04 14:32:55 [INFO] : Tentativa de acesso com token inválido ou expirado | Detalhes usuário: [object Object]
2025-04-04 14:32:55 [ERROR] : Erro ao salvar log no banco: 
Invalid `prisma.log.create()` invocation:


error: Error validating datasource `db`: the URL must start with the protocol `postgresql://` or `postgres://`.
  -->  schema.prisma:7
   | 
 6 |   provider = "postgresql"
 7 |   url      = env("DATABASE_URL")
   | 

Validation Error Count: 1
2025-04-04 14:32:55 [ERROR] : Erro ao enviar log ao log-service: Request failed with status code 500
2025-04-04 14:34:57 [INFO] : Login realizado! Email: matheus37223@fiec.edu.br
2025-04-04 14:48:44 [INFO] : Error in search user
2025-04-04 14:49:40 [INFO] : Error in search user
2025-04-04 14:56:53 [INFO] : Error in search user
2025-04-04 14:57:38 [INFO] : Error in search user
2025-04-04 15:00:56 [INFO] : Error in search user
2025-04-04 15:09:07 [INFO] : Usuário Registrado! Email: matheus37223TESTE@fiec.edu.br
2025-04-04 15:09:07 [ERROR] : Erro ao salvar log no banco: 
Invalid `prisma.log.create()` invocation:


error: Error validating datasource `db`: the URL must start with the protocol `postgresql://` or `postgres://`.
  -->  schema.prisma:7
   | 
 6 |   provider = "postgresql"
 7 |   url      = env("DATABASE_URL")
   | 

Validation Error Count: 1
2025-04-04 15:11:08 [INFO] : Usuário Registrado! Email: matheus37223@fiec.edu.br
2025-04-04 15:11:08 [ERROR] : Erro ao salvar log no banco: 
Invalid `prisma.log.create()` invocation:


error: Error validating datasource `db`: the URL must start with the protocol `postgresql://` or `postgres://`.
  -->  schema.prisma:7
   | 
 6 |   provider = "postgresql"
 7 |   url      = env("DATABASE_URL")
   | 

Validation Error Count: 1
2025-04-04 15:18:49 [INFO] : Usuário Registrado! Email: matheus37223@fiec.edu.br
2025-04-04 15:18:49 [ERROR] : Erro ao salvar log no banco: 
Invalid `prisma.log.create()` invocation:


error: Error validating datasource `db`: the URL must start with the protocol `postgresql://` or `postgres://`.
  -->  schema.prisma:7
   | 
 6 |   provider = "postgresql"
 7 |   url      = env("DATABASE_URL")
   | 

Validation Error Count: 1
2025-04-04 15:19:18 [INFO] : Usuário Registrado! Email: matheus372232@fiec.edu.br
2025-04-04 15:19:18 [ERROR] : Erro ao salvar log no banco: 
Invalid `prisma.log.create()` invocation:


error: Error validating datasource `db`: the URL must start with the protocol `postgresql://` or `postgres://`.
  -->  schema.prisma:7
   | 
 6 |   provider = "postgresql"
 7 |   url      = env("DATABASE_URL")
   | 

Validation Error Count: 1
2025-04-04 15:20:55 [INFO] : Usuário Registrado! Email: matheus372232@fiec.edu.br
2025-04-04 15:20:56 [INFO] : Log registrado no banco: User registered sucessfully
2025-04-04 15:21:19 [INFO] : Login realizado! Email: matheus372232@fiec.edu.br
2025-04-10 19:29:32 [INFO] : Usuário não autenticado | Detalhes usuário: [object Object]
2025-04-10 19:33:36 [INFO] : Usuário Registrado! Email: matheusrocham.ms@gmail.com
2025-04-10 19:33:36 [INFO] : Log registrado no banco: User registered sucessfully
2025-04-10 19:33:48 [INFO] : Login realizado! ID user: 1
2025-04-10 19:34:45 [INFO] : Error in search user
2025-04-10 19:35:07 [INFO] : Error in search user
2025-04-10 20:00:41 [INFO] : Usuário Registrado! Email: matheusrocham.ms@gmail.com
2025-04-10 20:00:41 [INFO] : Log registrado no banco: User registered sucessfully
2025-04-10 20:02:20 [INFO] : Usuário Registrado! ID: 1
2025-04-10 20:02:20 [INFO] : Log registrado no banco: User registered sucessfully
2025-04-10 20:13:30 [INFO] : Login realizado! ID user: 1
2025-04-10 20:30:05 [ERROR] : Error while changing password.
2025-04-10 20:31:43 [ERROR] : Error while changing password.
2025-04-10 20:36:31 [INFO] : Password changed successfully.
2025-04-10 20:36:31 [INFO] : Log registrado no banco: Password updated
2025-04-10 20:41:31 [INFO] : Password changed successfully.
2025-04-10 20:41:31 [INFO] : Log registrado no banco: Password updated
2025-04-10 20:57:23 [INFO] : Password changed successfully.
2025-04-10 20:57:23 [INFO] : Log registrado no banco: Password updated
2025-04-14 14:07:01 [INFO] : Usuário não autenticado | Detalhes usuário: [object Object]
2025-04-14 14:07:10 [INFO] : Login realizado! ID user: 1
2025-04-14 14:07:10 [INFO] : Log registrado no banco: User logged sucessfully
2025-04-14 14:11:46 [INFO] : Password changed successfully.
2025-04-14 14:11:56 [INFO] : Tentativa de login, senha incorreta! ID usuárip: 1
2025-04-14 14:12:00 [INFO] : Login realizado! ID user: 1
2025-04-14 14:12:00 [INFO] : Log registrado no banco: User logged sucessfully
2025-04-22 13:41:39 [INFO] : Login realizado! ID user: 1
2025-04-22 13:42:44 [INFO] : Login realizado! ID user: 1
2025-04-22 13:42:44 [INFO] : Log registrado no banco: User logged sucessfully
2025-04-22 13:43:13 [INFO] : Password changed successfully.
2025-04-22 13:43:13 [ERROR] : Error while changing password.
2025-04-22 13:44:09 [INFO] : Password changed successfully.
2025-04-22 13:48:03 [INFO] : Password changed successfully.
2025-04-22 13:51:50 [INFO] : Password changed successfully.
2025-04-22 13:53:06 [INFO] : Password changed successfully.
2025-04-22 13:53:58 [INFO] : Password changed successfully.
2025-04-22 13:54:37 [INFO] : Password changed successfully.
2025-04-22 13:56:24 [INFO] : Password changed successfully.
2025-04-22 13:57:14 [INFO] : Password changed successfully.
2025-04-22 13:58:37 [INFO] : Password changed successfully.
2025-04-22 13:59:53 [INFO] : Password changed successfully.
2025-04-22 14:00:05 [INFO] : Password changed successfully.
2025-04-22 14:00:14 [INFO] : Error sending email!
2025-04-22 14:00:26 [INFO] : Error sending email!
2025-04-22 14:00:56 [INFO] : Password changed successfully.
2025-04-22 14:01:17 [INFO] : Error sending email!
2025-04-22 14:03:54 [INFO] : Password changed attemp! ID user:1
2025-04-22 14:06:08 [INFO] : Usuário Registrado! ID: 2
2025-04-22 14:06:09 [INFO] : Log registrado no banco: User registered sucessfully
2025-04-22 14:06:28 [INFO] : Login realizado! ID user: 2
2025-04-22 14:06:28 [INFO] : Log registrado no banco: User logged sucessfully
2025-04-22 14:06:55 [INFO] : Password changed attemp! ID user:2
2025-04-22 14:07:32 [INFO] : Password changed successfully.
2025-04-22 14:07:53 [INFO] : Error sending email!
2025-04-22 14:12:01 [INFO] : Password changed successfully.
2025-04-22 14:12:22 [INFO] : Error sending email!
2025-04-22 14:12:55 [INFO] : Password changed successfully.
2025-04-22 14:13:17 [INFO] : Error sending email!
2025-04-22 14:16:06 [INFO] : Password changed successfully.
2025-04-22 14:16:27 [INFO] : Error sending email!
2025-04-22 14:17:50 [INFO] : Password changed successfully.
2025-04-22 14:18:11 [INFO] : Error sending email!
2025-04-22 14:21:33 [INFO] : Password changed successfully.
2025-04-22 14:21:54 [INFO] : Error sending email!
2025-04-22 14:23:38 [INFO] : Password changed successfully.
2025-04-22 14:23:59 [INFO] : Error sending email!
2025-04-22 14:25:51 [INFO] : Password changed successfully.
2025-04-22 14:25:53 [INFO] : Error sending email!
2025-04-22 14:29:01 [INFO] : Password changed successfully.
2025-04-22 14:29:04 [INFO] : Email sent sucessfully!
2025-04-22 14:31:15 [INFO] : Password changed successfully.
2025-04-22 14:31:18 [INFO] : Email sent sucessfully!
2025-04-22 14:34:32 [INFO] : Password changed successfully.
2025-04-22 14:34:34 [INFO] : Email sent sucessfully!
2025-04-22 14:35:27 [INFO] : Password changed successfully.
2025-04-22 14:35:30 [INFO] : Email sent sucessfully!
2025-04-22 14:38:16 [INFO] : Password changed successfully.
2025-04-22 14:38:18 [INFO] : Email sent sucessfully!
2025-04-22 14:43:53 [INFO] : Password changed successfully.
2025-04-22 14:43:56 [INFO] : Email sent sucessfully!
2025-04-22 14:44:17 [INFO] : Login realizado! ID user: 2
2025-04-22 14:44:17 [INFO] : Log registrado no banco: User logged sucessfully
2025-04-22 14:44:54 [INFO] : Password changed successfully.
2025-04-22 14:44:57 [INFO] : Email sent sucessfully!
2025-04-22 14:45:27 [INFO] : Password changed successfully.
2025-04-22 14:45:30 [INFO] : Email sent sucessfully!
2025-04-22 14:46:23 [INFO] : Password changed successfully.
2025-04-22 14:46:26 [INFO] : Email sent sucessfully!
2025-04-22 14:46:26 [INFO] : Log registrado no banco: Password changed | Id:2
2025-04-23 10:11:35 [INFO] : Tentativa de login, senha incorreta! ID usuário: 2
2025-04-23 10:11:46 [INFO] : Login realizado! ID user: 2
2025-04-23 10:11:46 [INFO] : Log registrado no banco: User logged sucessfully
2025-04-23 10:12:57 [INFO] : Login realizado! ID user: 2
2025-04-23 10:13:42 [INFO] : Login realizado! ID user: 2
2025-04-23 10:14:43 [INFO] : Login realizado! ID user: 2
2025-04-23 10:14:44 [INFO] : Log registrado no banco: User logged sucessfully
2025-04-23 10:29:09 [INFO] : Usuário Registrado! ID: 3
2025-04-23 10:29:10 [INFO] : Log registrado no banco: User registered sucessfully
2025-04-23 10:29:11 [INFO] : Error sending email!
2025-04-23 10:38:25 [INFO] : Usuário Registrado! ID: 1
2025-04-23 10:38:25 [INFO] : Log registrado no banco: User registered sucessfully
2025-04-23 10:38:26 [INFO] : Error sending email!
2025-04-23 10:40:57 [INFO] : Usuário Registrado! ID: 1
2025-04-23 10:40:57 [INFO] : Log registrado no banco: User registered sucessfully
2025-04-23 10:40:58 [INFO] : Error sending email!
2025-04-23 10:41:32 [INFO] : Usuário Registrado! ID: 1
2025-04-23 10:41:32 [INFO] : Log registrado no banco: User registered sucessfully
2025-04-23 10:41:33 [INFO] : Error sending email!
2025-04-23 10:42:23 [INFO] : Usuário Registrado! ID: 1
2025-04-23 10:42:23 [INFO] : Log registrado no banco: User registered sucessfully
2025-04-23 10:42:24 [INFO] : Error sending email!
2025-04-23 10:43:15 [INFO] : Usuário Registrado! ID: 1
2025-04-23 10:43:15 [INFO] : Log registrado no banco: User registered sucessfully
2025-04-23 10:43:16 [INFO] : Error sending email!
2025-04-23 10:43:55 [INFO] : Usuário Registrado! ID: 1
2025-04-23 10:43:55 [INFO] : Log registrado no banco: User registered sucessfully
2025-04-23 10:43:58 [INFO] : Email sent sucessfully!
2025-04-23 10:48:42 [INFO] : Usuário Registrado! ID: 1
2025-04-23 10:48:42 [INFO] : Log registrado no banco: User registered sucessfully
2025-04-23 10:48:45 [INFO] : Email sent sucessfully!
2025-04-25 22:22:42 [INFO] : Usuário não autenticado | Detalhes usuário: [object Object]
2025-04-25 22:22:51 [INFO] : Tentativa de login, senha incorreta! ID usuário: 1
2025-04-25 22:22:57 [INFO] : Login realizado! ID user: 1
2025-04-25 22:22:58 [INFO] : Log registrado no banco: User logged sucessfully
2025-04-25 22:23:21 [INFO] : Usuário não autenticado | Detalhes usuário: [object Object]
2025-04-25 22:23:27 [ERROR] : Error in to create the investment
2025-04-25 22:31:14 [ERROR] : Error in to create the investment
2025-04-25 22:33:16 [ERROR] : Error in to create the investment
2025-04-25 22:33:31 [ERROR] : Error in to create the investment
2025-04-25 22:35:34 [ERROR] : Error in to create the investment
2025-04-25 22:36:30 [ERROR] : Error in to create the investment
2025-04-25 22:40:08 [ERROR] : Error in to create the investment
2025-04-25 22:40:56 [ERROR] : Error in to create the investment
2025-04-25 22:42:30 [ERROR] : Error in to create the investment
2025-04-25 22:43:08 [ERROR] : Error in to create the investment
2025-04-25 22:43:55 [INFO] : Investiment created sucessfully.
